MPASM 5.77                            P3.ASM   11-23-2020  15:05:55         PAGE  1


LOC  OBJECT CODE     LINE SOURCE TEXT
  VALUE

                      00001 ; TODO INSERT CONFIG CODE HERE USING CONFIG BITS GENERATOR
                      00002   #include "p16f887.inc"
                      00001         LIST
                      00002 
                      00003 ;==========================================================================
                      00004 ; Build date : Nov 22 2017
                      00005 ;  MPASM PIC16F887 processor include
                      00006 ; 
                      00007 ;  (c) Copyright 1999-2017 Microchip Technology, All rights reserved
                      00008 ;==========================================================================
                      00009 
                      00810         LIST
                      00003 
                      00004 ; CONFIG1
                      00005 ; __config 0xE0D4
2007   20D4           00006  __CONFIG _CONFIG1, _FOSC_INTRC_NOCLKOUT & _WDTE_OFF & _PWRTE_OFF & _MCLRE_OFF & _CP_OFF & _CPD_OFF & _B
                            OREN_OFF & _IESO_OFF & _FCMEN_OFF & _LVP_OFF
                      00007 ; CONFIG2
                      00008 ; __config 0xFFFF
2008   3FFF           00009  __CONFIG _CONFIG2, _BOR4V_BOR40V & _WRT_OFF
                      00010 ;*******************************************************************************
                      00011 ;VARIABLES
                      00012 ;*******************************************************************************    
                      00013 PR_VAR        UDATA
0000                  00014 SERV1         RES 1
0001                  00015 SERV2         RES 1
0002                  00016 FLAGS         RES 1
0003                  00017 W_TEMP        RES 1 
0004                  00018 STATUS_TEMP   RES 1
                      00019               
                      00020               
                      00021         
                      00022         
                      00023 ;******************************************************************************
                      00024 ; INICIO
                      00025 ;******************************************************************************
                      00026 RES_VECT  CODE    0x0000            ; processor reset vector
0000   2???           00027     GOTO    START                   ; go to beginning of program
                      00028 ;*******************************************************************************
                      00029 ; TODO ADD INTERRUPTS HERE IF USED
                      00030 ;*******************************************************************************
Warning[207]: Found label after column 1. (ISR_VECT)
                      00031     ISR_VECT    CODE    0x0004
                      00032     
0004                  00033 PUSH:
0004   138B           00034     BCF     INTCON,  GIE
0005   00??           00035     MOVWF   W_TEMP
0006   0E03           00036     SWAPF   STATUS, W
0007   00??           00037     MOVWF   STATUS_TEMP  ;MANDO AL STACK
                      00038     
                      00039     
0008                  00040 ISR:
0008   190B           00041     BTFSC   INTCON, T0IF                  
MPASM 5.77                            P3.ASM   11-23-2020  15:05:55         PAGE  2


LOC  OBJECT CODE     LINE SOURCE TEXT
  VALUE

0009   2???           00042     CALL    RUT_TMR0 
000A   1B0C           00043     BTFSC   PIR1, ADIF
000B   2???           00044     CALL    RUT_ADC
                      00045   
                      00046     
                      00047    
000C                  00048 POP:
000C   0E??           00049     SWAPF   STATUS_TEMP, W
000D   0083           00050     MOVWF   STATUS
000E   0E??           00051     SWAPF   W_TEMP, F
000F   0E??           00052     SWAPF   W_TEMP, W
0010   178B           00053     BSF     INTCON, GIE ;SACO INFO DEL STACK
0011   0009           00054     RETFIE
                      00055 
                      00056 
                      00057 
                      00058 ;******************************************************************************
                      00059 ; SUBRUTINAS INT
                      00060 ;******************************************************************************
Warning[207]: Found label after column 1. (RUT_TMR0)
0012                  00061     RUT_TMR0:
0012   30F8           00062          MOVLW   .248
0013   0081           00063          MOVWF   TMR0        ;SE CARGA UN VALOR AL TIMER0 PARA QUE EL TIEMPO SEA DE 2ms
0014   110B           00064          BCF     INTCON, T0IF 
                      00065         
                      00066    
                      00067     
Warning[207]: Found label after column 1. (MAPEO)
0015                  00068     MAPEO:
0015   0C??           00069          RRF     SERV1, W
0016   39FF           00070          ANDLW   b'011111111'
0017   3E20           00071          ADDLW   .32
0018   0095           00072          MOVWF   CCPR1L
0019   0C??           00073          RRF     SERV2, W
001A   39FF           00074          ANDLW   b'011111111'
001B   3E20           00075          ADDLW   .32
001C   009B           00076          MOVWF   CCPR2L
001D   0008           00077     RETURN
                      00078    
                      00079 
Warning[207]: Found label after column 1. (RUT_ADC)
001E                  00080     RUT_ADC:
001E   1800           00081         BTFSC    FLAGS, 0
001F   2???           00082         GOTO     SERVO2
                      00083         
Warning[207]: Found label after column 1. (SERVO1)
0020                  00084     SERVO1:
0020   1283 1303      00085         BANKSEL ADCON0
0022   151F           00086         BSF     ADCON0, CHS0
0023   119F           00087         BCF     ADCON0, CHS1
0024   081E           00088         MOVFW   ADRESH 
0025   00??           00089         MOVWF   SERV1
0026   130C           00090         BCF     PIR1, ADIF
MPASM 5.77                            P3.ASM   11-23-2020  15:05:55         PAGE  3


LOC  OBJECT CODE     LINE SOURCE TEXT
  VALUE

0027   149F           00091         BSF     ADCON0, 1
0028   1400           00092         BSF     FLAGS, 0
0029   0008           00093      RETURN
                      00094     
Warning[207]: Found label after column 1. (SERVO2)
002A                  00095     SERVO2:
002A   1283 1303      00096         BANKSEL ADCON0
002C   119F           00097         BCF     ADCON0, CHS1
002D   111F           00098         BCF     ADCON0, CHS0
002E   081E           00099         MOVFW   ADRESH 
002F   00??           00100         MOVWF   SERV2
                      00101         
0030   130C           00102         BCF     PIR1, ADIF
0031   149F           00103         BSF     ADCON0, 1
0032   1000           00104         BCF     FLAGS, 0
0033   0008           00105      RETURN
                      00106         
                      00107      
                      00108      
                      00109 
                      00110 ;******************************************************************************
                      00111 ;PRINCIPAL
                      00112 ;*******************************************************************************
                      00113 MAIN_PROG CODE      0x0100             ; let linker place main program
0100                  00114 START
                      00115  
0100   2???           00116  CALL CONFIG_IO
0101   2???           00117  CALL CONFIG_ADC
0102   2???           00118  CALL CONFIG_TMR2
0103   2???           00119  CALL CONFIG_INT
0104   2???           00120  CALL CONFIG_CCP1
0105   2???           00121  CALL CONFIG_CCP2
0106   2???           00122  CALL CONFIG_TMR0
                      00123 
0107                  00124 LOOP:
                      00125     
0107   2???           00126     GOTO LOOP     
                      00127     
                      00128     
                      00129 
                      00130 
                      00131   
                      00132     
                      00133 ;*******************************************************************************
                      00134 ; CONFIGURACIONES
                      00135 ;*******************************************************************************
                      00136 
0108                  00137 CONFIG_IO:
0108   1683           00138     BSF     STATUS, 5 
0109   1303           00139     BCF     STATUS, 6 ; BANCO 1 
                      00140    
                      00141    
Message[302]: Register in operand not in bank 0.  Ensure that bank bits are correct.
MPASM 5.77                            P3.ASM   11-23-2020  15:05:55         PAGE  4


LOC  OBJECT CODE     LINE SOURCE TEXT
  VALUE

010A   1405           00142     BSF     TRISA, 0
Message[302]: Register in operand not in bank 0.  Ensure that bank bits are correct.
010B   1485           00143     BSF     TRISA, 1
Message[302]: Register in operand not in bank 0.  Ensure that bank bits are correct.
010C   1505           00144     BSF     TRISA, 2
Message[302]: Register in operand not in bank 0.  Ensure that bank bits are correct.
010D   0186           00145     CLRF    TRISB ;TODOS LOS BITS DEL PUERTO C Y D EN 0, SALIDAS
Message[302]: Register in operand not in bank 0.  Ensure that bank bits are correct.
010E   0187           00146     CLRF    TRISC
Message[302]: Register in operand not in bank 0.  Ensure that bank bits are correct.
010F   0188           00147     CLRF    TRISD    
0110   1683           00148     BSF     STATUS, 5
0111   1703           00149     BSF     STATUS, 6 ;BANCO 3
                      00150     
Message[302]: Register in operand not in bank 0.  Ensure that bank bits are correct.
0112   1408           00151     BSF     ANSEL, 0 ;BIT 0 ENTRADA ANALÓGICA, LAS DEMAS DIGITALES
Message[302]: Register in operand not in bank 0.  Ensure that bank bits are correct.
0113   1488           00152     BSF     ANSEL, 1
Message[302]: Register in operand not in bank 0.  Ensure that bank bits are correct.
0114   1508           00153     BSF     ANSEL, 2
Message[302]: Register in operand not in bank 0.  Ensure that bank bits are correct.
0115   0189           00154     CLRF    ANSELH ;ENTRADAS DIGITALES
                      00155     
0116   1283           00156     BCF     STATUS, 5
0117   1303           00157     BCF     STATUS, 6; BANCO 0
                      00158     
0118   0187           00159     CLRF   PORTC
0119   0186           00160     CLRF   PORTB
011A   0188           00161     CLRF   PORTD
011B   0185           00162     CLRF   PORTA
011C   0008           00163     RETURN
                      00164     
                      00165     
011D                  00166 CONFIG_ADC:
011D   1683           00167     BSF     STATUS, 5
011E   1303           00168     BCF     STATUS, 6 ;BANCO 1
Message[302]: Register in operand not in bank 0.  Ensure that bank bits are correct.
011F   019F           00169     CLRF    ADCON1
0120   1283           00170     BCF     STATUS, 5
0121   1303           00171     BCF     STATUS, 6; BANCO 0
0122   3043           00172     MOVLW   b'01000011'
0123   009F           00173     MOVWF   ADCON0
Message[302]: Register in operand not in bank 0.  Ensure that bank bits are correct.
0124   170C           00174     BSF     PIE1, ADIE
0125   170C           00175     BSF     PIR1, ADIF
0126   0008           00176     RETURN
                      00177 
                      00178     
0127                  00179 CONFIG_TMR2:
0127   1283           00180     BCF     STATUS, 5
0128   1303           00181     BCF     STATUS, 6; BANCO 0
                      00182    
0129   3007           00183     MOVLW   B'00000111'
MPASM 5.77                            P3.ASM   11-23-2020  15:05:55         PAGE  5


LOC  OBJECT CODE     LINE SOURCE TEXT
  VALUE

012A   0092           00184     MOVWF   T2CON
012B   1683           00185     BSF     STATUS, 5 
012C   1303           00186     BCF     STATUS, 6 ; BANCO 1 
Message[302]: Register in operand not in bank 0.  Ensure that bank bits are correct.
012D   148C           00187     BSF     PIE1, TMR2IE
012E   30BB           00188     MOVLW   .187    
Message[302]: Register in operand not in bank 0.  Ensure that bank bits are correct.
012F   0092           00189     MOVWF   PR2
0130   0008           00190     RETURN
                      00191     
0131                  00192 CONFIG_CCP1:
                      00193     
0131   1283 1303      00194     BANKSEL CCP1CON
0133   1397           00195     BCF     CCP1CON,   7
0134   1317           00196     BCF     CCP1CON,   6
0135   1297           00197     BCF     CCP1CON,   5
0136   1217           00198     BCF     CCP1CON,   4
0137   1597           00199     BSF     CCP1CON,   3
0138   1517           00200     BSF     CCP1CON,   2
0139   1097           00201     BCF     CCP1CON,   1
013A   1017           00202     BCF     CCP1CON,   0
013B   0008           00203  RETURN
                      00204     
013C                  00205 CONFIG_CCP2:
013C   1283 1303      00206     BANKSEL CCP2CON
013E   129D           00207     BCF     CCP2CON,   5
013F   121D           00208     BCF     CCP2CON,   4
0140   159D           00209     BSF     CCP2CON,   3
0141   151D           00210     BSF     CCP2CON,   2
0142   149D           00211     BSF     CCP2CON,   1
0143   141D           00212     BSF     CCP2CON,   0
Warning[203]: Found opcode in column 1. (RETURN)
0144   0008           00213 RETURN
                      00214     
0145                  00215 CONFIG_TMR0:
0145   1683           00216     BSF     STATUS, 5
0146   1303           00217     BCF     STATUS, 6 ;BANCO 1
                      00218     
0147   3087           00219     MOVLW   b'10000111'  ;SE APAGAN LAS PULLUPS Y SE LE PONE PRESCALER DE 1:256
Message[302]: Register in operand not in bank 0.  Ensure that bank bits are correct.
0148   0081           00220     MOVWF   OPTION_REG   
                      00221    
0149   1283           00222     BCF     STATUS, 5 
014A   1303           00223     BCF     STATUS, 6
014B   110B           00224     BCF INTCON, T0IF    ;CONFIGURACIÓN DEL OVERFLOW INTERUPT FLAG
                      00225     
014C   0008           00226     RETURN
                      00227     
                      00228     
                      00229         
014D                  00230 CONFIG_INT:
014D   1283           00231     BCF     STATUS, 5
014E   1303           00232     BCF     STATUS, 6; BANCO 0
MPASM 5.77                            P3.ASM   11-23-2020  15:05:55         PAGE  6


LOC  OBJECT CODE     LINE SOURCE TEXT
  VALUE

014F   178B           00233     BSF     INTCON, GIE
0150   170B           00234     BSF     INTCON, PEIE
0151   108C           00235     BCF     PIR1, TMR2IF
0152   0008           00236     RETURN
                      00237     
20D4 3FFF             00238     END
MPASM 5.77                            P3.ASM   11-23-2020  15:05:55         PAGE  7


SYMBOL TABLE
  LABEL                             VALUE 

ABDEN                             00000000
ABDOVF                            00000007
ACKDT                             00000005
ACKEN                             00000004
ACKSTAT                           00000006
ADCON0                            0000001F
ADCON1                            0000009F
ADCS0                             00000006
ADCS1                             00000007
ADDEN                             00000003
ADFM                              00000007
ADIE                              00000006
ADIF                              00000006
ADON                              00000000
ADRESH                            0000001E
ADRESL                            0000009E
ANS0                              00000000
ANS1                              00000001
ANS10                             00000002
ANS11                             00000003
ANS12                             00000004
ANS13                             00000005
ANS2                              00000002
ANS3                              00000003
ANS4                              00000004
ANS5                              00000005
ANS6                              00000006
ANS7                              00000007
ANS8                              00000000
ANS9                              00000001
ANSEL                             00000188
ANSELH                            00000189
BAUDCTL                           00000187
BCLIE                             00000003
BCLIF                             00000003
BF                                00000000
BRG0                              00000000
BRG1                              00000001
BRG10                             00000002
BRG11                             00000003
BRG12                             00000004
BRG13                             00000005
BRG14                             00000006
BRG15                             00000007
BRG16                             00000003
BRG2                              00000002
BRG3                              00000003
BRG4                              00000004
BRG5                              00000005
BRG6                              00000006
BRG7                              00000007
BRG8                              00000000
BRG9                              00000001
MPASM 5.77                            P3.ASM   11-23-2020  15:05:55         PAGE  8


SYMBOL TABLE
  LABEL                             VALUE 

BRGH                              00000002
C                                 00000000
C1CH0                             00000000
C1CH1                             00000001
C1IE                              00000005
C1IF                              00000005
C1OE                              00000005
C1ON                              00000007
C1OUT                             00000006
C1POL                             00000004
C1R                               00000002
C1RSEL                            00000005
C1SEN                             00000005
C2CH0                             00000000
C2CH1                             00000001
C2IE                              00000006
C2IF                              00000006
C2OE                              00000005
C2ON                              00000007
C2OUT                             00000006
C2POL                             00000004
C2R                               00000002
C2REN                             00000004
C2RSEL                            00000004
C2SYNC                            00000000
CCP1CON                           00000017
CCP1IE                            00000002
CCP1IF                            00000002
CCP1M0                            00000000
CCP1M1                            00000001
CCP1M2                            00000002
CCP1M3                            00000003
CCP1X                             00000005
CCP1Y                             00000004
CCP2CON                           0000001D
CCP2IE                            00000000
CCP2IF                            00000000
CCP2M0                            00000000
CCP2M1                            00000001
CCP2M2                            00000002
CCP2M3                            00000003
CCP2X                             00000005
CCP2Y                             00000004
CCPR1                             00000015
CCPR1H                            00000016
CCPR1L                            00000015
CCPR2                             0000001B
CCPR2H                            0000001C
CCPR2L                            0000001B
CHS0                              00000002
CHS1                              00000003
CHS2                              00000004
CHS3                              00000005
MPASM 5.77                            P3.ASM   11-23-2020  15:05:55         PAGE  9


SYMBOL TABLE
  LABEL                             VALUE 

CKE                               00000006
CKP                               00000004
CM1CON0                           00000107
CM2CON0                           00000108
CM2CON1                           00000109
CONFIG_ADC                        0000011D
CONFIG_CCP1                       00000131
CONFIG_CCP2                       0000013C
CONFIG_INT                        0000014D
CONFIG_IO                         00000108
CONFIG_TMR0                       00000145
CONFIG_TMR2                       00000127
CREN                              00000004
CSRC                              00000007
D                                 00000005
DATA_ADDRESS                      00000005
DC                                00000001
DC1B0                             00000004
DC1B1                             00000005
DC2B0                             00000004
DC2B1                             00000005
D_A                               00000005
D_NOT_A                           00000005
ECCPAS                            0000009C
ECCPAS0                           00000004
ECCPAS1                           00000005
ECCPAS2                           00000006
ECCPASE                           00000007
EEADR                             0000010D
EEADRH                            0000010F
EECON1                            0000018C
EECON2                            0000018D
EEDAT                             0000010C
EEDATA                            0000010C
EEDATH                            0000010E
EEIE                              00000004
EEIF                              00000004
EEPGD                             00000007
F                                 00000001
FERR                              00000002
FLAGS                             00000002
FSR                               00000004
FVREN                             00000000
GCEN                              00000007
GIE                               00000007
GO                                00000001
GO_DONE                           00000001
GO_NOT_DONE                       00000001
HTS                               00000002
I2C_DATA                          00000005
I2C_READ                          00000002
I2C_START                         00000003
I2C_STOP                          00000004
MPASM 5.77                            P3.ASM   11-23-2020  15:05:55         PAGE 10


SYMBOL TABLE
  LABEL                             VALUE 

INDF                              00000000
INTCON                            0000000B
INTE                              00000004
INTEDG                            00000006
INTF                              00000001
IOCB                              00000096
IOCB0                             00000000
IOCB1                             00000001
IOCB2                             00000002
IOCB3                             00000003
IOCB4                             00000004
IOCB5                             00000005
IOCB6                             00000006
IOCB7                             00000007
IRCF0                             00000004
IRCF1                             00000005
IRCF2                             00000006
IRP                               00000007
ISR                               00000008
LOOP                              00000107
LTS                               00000001
MAPEO                             00000015
MC1OUT                            00000007
MC2OUT                            00000006
MSK                               00000093
MSK0                              00000000
MSK1                              00000001
MSK2                              00000002
MSK3                              00000003
MSK4                              00000004
MSK5                              00000005
MSK6                              00000006
MSK7                              00000007
NOT_A                             00000005
NOT_ADDRESS                       00000005
NOT_BO                            00000000
NOT_BOR                           00000000
NOT_DONE                          00000001
NOT_PD                            00000003
NOT_POR                           00000001
NOT_RBPU                          00000007
NOT_RC8                           00000006
NOT_T1SYNC                        00000002
NOT_TO                            00000004
NOT_TX8                           00000006
NOT_W                             00000002
NOT_WRITE                         00000002
OERR                              00000001
OPTION_REG                        00000081
OSCCON                            0000008F
OSCTUNE                           00000090
OSFIE                             00000007
OSFIF                             00000007
MPASM 5.77                            P3.ASM   11-23-2020  15:05:55         PAGE 11


SYMBOL TABLE
  LABEL                             VALUE 

OSTS                              00000003
P                                 00000004
P1M0                              00000006
P1M1                              00000007
PCL                               00000002
PCLATH                            0000000A
PCON                              0000008E
PDC0                              00000000
PDC1                              00000001
PDC2                              00000002
PDC3                              00000003
PDC4                              00000004
PDC5                              00000005
PDC6                              00000006
PEIE                              00000006
PEN                               00000002
PIE1                              0000008C
PIE2                              0000008D
PIR1                              0000000C
PIR2                              0000000D
POP                               0000000C
PORTA                             00000005
PORTB                             00000006
PORTC                             00000007
PORTD                             00000008
PORTE                             00000009
PR2                               00000092
PRSEN                             00000007
PS0                               00000000
PS1                               00000001
PS2                               00000002
PSA                               00000003
PSSAC0                            00000002
PSSAC1                            00000003
PSSBD0                            00000000
PSSBD1                            00000001
PSTRCON                           0000009D
PULSR                             00000002
PULSS                             00000003
PUSH                              00000004
PWM1CON                           0000009B
R                                 00000002
RA0                               00000000
RA1                               00000001
RA2                               00000002
RA3                               00000003
RA4                               00000004
RA5                               00000005
RA6                               00000006
RA7                               00000007
RB0                               00000000
RB1                               00000001
RB2                               00000002
MPASM 5.77                            P3.ASM   11-23-2020  15:05:55         PAGE 12


SYMBOL TABLE
  LABEL                             VALUE 

RB3                               00000003
RB4                               00000004
RB5                               00000005
RB6                               00000006
RB7                               00000007
RBIE                              00000003
RBIF                              00000000
RC0                               00000000
RC1                               00000001
RC2                               00000002
RC3                               00000003
RC4                               00000004
RC5                               00000005
RC6                               00000006
RC7                               00000007
RC8_9                             00000006
RC9                               00000006
RCD8                              00000000
RCEN                              00000003
RCIDL                             00000006
RCIE                              00000005
RCIF                              00000005
RCREG                             0000001A
RCSTA                             00000018
RD                                00000000
RD0                               00000000
RD1                               00000001
RD2                               00000002
RD3                               00000003
RD4                               00000004
RD5                               00000005
RD6                               00000006
RD7                               00000007
RE0                               00000000
RE1                               00000001
RE2                               00000002
RE3                               00000003
READ_WRITE                        00000002
RP0                               00000005
RP1                               00000006
RSEN                              00000001
RUT_ADC                           0000001E
RUT_TMR0                          00000012
RX9                               00000006
RX9D                              00000000
R_NOT_W                           00000002
R_W                               00000002
S                                 00000003
SBOREN                            00000004
SCKP                              00000004
SCS                               00000000
SEN                               00000000
SENDB                             00000003
MPASM 5.77                            P3.ASM   11-23-2020  15:05:55         PAGE 13


SYMBOL TABLE
  LABEL                             VALUE 

SERV1                             00000000
SERV2                             00000001
SERVO1                            00000020
SERVO2                            0000002A
SMP                               00000007
SPBRG                             00000099
SPBRGH                            0000009A
SPEN                              00000007
SR0                               00000006
SR1                               00000007
SRCON                             00000185
SREN                              00000005
SSPADD                            00000093
SSPBUF                            00000013
SSPCON                            00000014
SSPCON2                           00000091
SSPEN                             00000005
SSPIE                             00000003
SSPIF                             00000003
SSPM0                             00000000
SSPM1                             00000001
SSPM2                             00000002
SSPM3                             00000003
SSPMSK                            00000093
SSPOV                             00000006
SSPSTAT                           00000094
START                             00000100
STATUS                            00000003
STATUS_TEMP                       00000004
STRA                              00000000
STRB                              00000001
STRC                              00000002
STRD                              00000003
STRSYNC                           00000004
SWDTEN                            00000000
SYNC                              00000004
T0CS                              00000005
T0IE                              00000005
T0IF                              00000002
T0SE                              00000004
T1CKPS0                           00000004
T1CKPS1                           00000005
T1CON                             00000010
T1GINV                            00000007
T1GIV                             00000007
T1GSS                             00000001
T1INSYNC                          00000002
T1OSCEN                           00000003
T1SYNC                            00000002
T2CKPS0                           00000000
T2CKPS1                           00000001
T2CON                             00000012
TMR0                              00000001
MPASM 5.77                            P3.ASM   11-23-2020  15:05:55         PAGE 14


SYMBOL TABLE
  LABEL                             VALUE 

TMR0IE                            00000005
TMR0IF                            00000002
TMR1                              0000000E
TMR1CS                            00000001
TMR1GE                            00000006
TMR1H                             0000000F
TMR1IE                            00000000
TMR1IF                            00000000
TMR1L                             0000000E
TMR1ON                            00000000
TMR2                              00000011
TMR2IE                            00000001
TMR2IF                            00000001
TMR2ON                            00000002
TOUTPS0                           00000003
TOUTPS1                           00000004
TOUTPS2                           00000005
TOUTPS3                           00000006
TRISA                             00000085
TRISA0                            00000000
TRISA1                            00000001
TRISA2                            00000002
TRISA3                            00000003
TRISA4                            00000004
TRISA5                            00000005
TRISA6                            00000006
TRISA7                            00000007
TRISB                             00000086
TRISB0                            00000000
TRISB1                            00000001
TRISB2                            00000002
TRISB3                            00000003
TRISB4                            00000004
TRISB5                            00000005
TRISB6                            00000006
TRISB7                            00000007
TRISC                             00000087
TRISC0                            00000000
TRISC1                            00000001
TRISC2                            00000002
TRISC3                            00000003
TRISC4                            00000004
TRISC5                            00000005
TRISC6                            00000006
TRISC7                            00000007
TRISD                             00000088
TRISD0                            00000000
TRISD1                            00000001
TRISD2                            00000002
TRISD3                            00000003
TRISD4                            00000004
TRISD5                            00000005
TRISD6                            00000006
MPASM 5.77                            P3.ASM   11-23-2020  15:05:55         PAGE 15


SYMBOL TABLE
  LABEL                             VALUE 

TRISD7                            00000007
TRISE                             00000089
TRISE0                            00000000
TRISE1                            00000001
TRISE2                            00000002
TRISE3                            00000003
TRMT                              00000001
TUN0                              00000000
TUN1                              00000001
TUN2                              00000002
TUN3                              00000003
TUN4                              00000004
TX8_9                             00000006
TX9                               00000006
TX9D                              00000000
TXD8                              00000000
TXEN                              00000005
TXIE                              00000004
TXIF                              00000004
TXREG                             00000019
TXSTA                             00000098
UA                                00000001
ULPWUE                            00000005
ULPWUIE                           00000002
ULPWUIF                           00000002
VCFG0                             00000004
VCFG1                             00000005
VR0                               00000000
VR1                               00000001
VR2                               00000002
VR3                               00000003
VRCON                             00000097
VREN                              00000007
VROE                              00000006
VRR                               00000005
VRSS                              00000004
W                                 00000000
WCOL                              00000007
WDTCON                            00000105
WDTPS0                            00000001
WDTPS1                            00000002
WDTPS2                            00000003
WDTPS3                            00000004
WPUB                              00000095
WPUB0                             00000000
WPUB1                             00000001
WPUB2                             00000002
WPUB3                             00000003
WPUB4                             00000004
WPUB5                             00000005
WPUB6                             00000006
WPUB7                             00000007
WR                                00000001
MPASM 5.77                            P3.ASM   11-23-2020  15:05:55         PAGE 16


SYMBOL TABLE
  LABEL                             VALUE 

WREN                              00000002
WRERR                             00000003
WUE                               00000001
W_TEMP                            00000003
Z                                 00000002
_BOR21V                           00003EFF
_BOR40V                           00003FFF
_BOR4V_BOR21V                     00003EFF
_BOR4V_BOR40V                     00003FFF
_BOREN_NSLEEP                     00003EFF
_BOREN_OFF                        00003CFF
_BOREN_ON                         00003FFF
_BOREN_SBODEN                     00003DFF
_BOR_NSLEEP                       00003EFF
_BOR_OFF                          00003CFF
_BOR_ON                           00003FFF
_BOR_SBODEN                       00003DFF
_CONFIG1                          00002007
_CONFIG2                          00002008
_CPD_OFF                          00003FFF
_CPD_ON                           00003F7F
_CP_OFF                           00003FFF
_CP_ON                            00003FBF
_DEBUG_OFF                        00003FFF
_DEBUG_ON                         00001FFF
_DEVID1                           00002006
_EC_OSC                           00003FFB
_EXTRC                            00003FFF
_EXTRCIO                          00003FFE
_EXTRC_OSC_CLKOUT                 00003FFF
_EXTRC_OSC_NOCLKOUT               00003FFE
_FCMEN_OFF                        000037FF
_FCMEN_ON                         00003FFF
_FOSC_EC                          00003FFB
_FOSC_EXTRC_CLKOUT                00003FFF
_FOSC_EXTRC_NOCLKOUT              00003FFE
_FOSC_HS                          00003FFA
_FOSC_INTRC_CLKOUT                00003FFD
_FOSC_INTRC_NOCLKOUT              00003FFC
_FOSC_LP                          00003FF8
_FOSC_XT                          00003FF9
_HS_OSC                           00003FFA
_IDLOC0                           00002000
_IDLOC1                           00002001
_IDLOC2                           00002002
_IDLOC3                           00002003
_IESO_OFF                         00003BFF
_IESO_ON                          00003FFF
_INTOSC                           00003FFD
_INTOSCIO                         00003FFC
_INTRC_OSC_CLKOUT                 00003FFD
_INTRC_OSC_NOCLKOUT               00003FFC
_LP_OSC                           00003FF8
MPASM 5.77                            P3.ASM   11-23-2020  15:05:55         PAGE 17


SYMBOL TABLE
  LABEL                             VALUE 

_LVP_OFF                          00002FFF
_LVP_ON                           00003FFF
_MCLRE_OFF                        00003FDF
_MCLRE_ON                         00003FFF
_PWRTE_OFF                        00003FFF
_PWRTE_ON                         00003FEF
_WDTE_OFF                         00003FF7
_WDTE_ON                          00003FFF
_WDT_OFF                          00003FF7
_WDT_ON                           00003FFF
_WRT_1FOURTH                      00003BFF
_WRT_256                          00003DFF
_WRT_HALF                         000039FF
_WRT_OFF                          00003FFF
_XT_OSC                           00003FF9
__16F887                          00000001

Errors   :     0
Warnings :     7 reported,     0 suppressed
Messages :    15 reported,     0 suppressed

